{"orderId":0,"orderGUID":"f7cc5bf2-d3cc-4f94-9d63-90fb7a4e1cc3","orderPaymentAmount":122.96,"orderDate":"2016-05-01 04:05:47","orderPaymentType":"USD","latitude":-84.819125,"longitude":-50.733733}
{"orderId":1,"orderGUID":"12b9f853-c24d-4be4-af5f-f14c2c25497d","orderPaymentAmount":58.3,"orderDate":"2018-12-24 01:30:57","orderPaymentType":"USD","latitude":43.911475,"longitude":145.568863}
{"orderId":2,"orderGUID":"5a44cb2d-cadf-4f60-b55c-0c20e4047482","orderPaymentAmount":346.94,"orderDate":"2017-02-16 01:21:43","orderPaymentType":"CREDIT_CARD","latitude":-35.215681,"longitude":25.646026}
{"orderId":3,"orderGUID":"bda9c1bd-6541-4bd0-920f-f8a8f3c991b5","orderPaymentAmount":165.25,"orderDate":"2018-05-20 08:50:28","orderPaymentType":"WIN_CARD","latitude":-4.475292,"longitude":-125.193124}
{"orderId":4,"orderGUID":"9d84ac2a-1abc-4cea-9788-69466bd92ea2","orderPaymentAmount":10.82,"orderDate":"2019-07-29 10:48:20","orderPaymentType":"CAD","latitude":-75.576028,"longitude":25.46634}
{"orderId":5,"orderGUID":"ec09e2e1-3152-4d46-8206-5267df5ef028","orderPaymentAmount":212.28,"orderDate":"2018-06-07 01:56:37","orderPaymentType":"EUR","latitude":-6.252277,"longitude":110.343918}
{"orderId":6,"orderGUID":"94d69103-6357-4a39-a70b-770b868f7c39","orderPaymentAmount":335.41,"orderDate":"2019-09-17 09:24:40","orderPaymentType":"CREDIT_CARD","latitude":-74.917775,"longitude":-157.104733}
{"orderId":7,"orderGUID":"9b9a9aca-6695-4e30-b8d2-511633685727","orderPaymentAmount":248.01,"orderDate":"2017-06-10 01:42:50","orderPaymentType":"BOX_CARD","latitude":-27.592787,"longitude":82.463087}
{"orderId":8,"orderGUID":"7996a1e2-368f-451e-b36e-bd20491203c5","orderPaymentAmount":112.7,"orderDate":"2018-12-04 05:33:49","orderPaymentType":"SET_CARD","latitude":-8.092564,"longitude":155.013331}
{"orderId":9,"orderGUID":"00e2a5cc-2a70-4093-8942-8368274cb558","orderPaymentAmount":295.75,"orderDate":"2020-02-07 07:55:10","orderPaymentType":"SET_CARD","latitude":-76.347726,"longitude":-152.847252}
{"orderId":10,"orderGUID":"6cd49bcc-debf-4f70-9b16-b955ddb18a27","orderPaymentAmount":43.49,"orderDate":"2015-12-04 09:24:57","orderPaymentType":"USD","latitude":67.217972,"longitude":156.566297}
{"orderId":11,"orderGUID":"759ab2d1-e0f2-45d3-91e3-df8124859bb9","orderPaymentAmount":263.25,"orderDate":"2017-10-13 04:42:29","orderPaymentType":"MULTINET","latitude":-48.392293,"longitude":-42.589052}
{"orderId":12,"orderGUID":"847fec46-f0f4-44a0-a6df-16e7807c6aa9","orderPaymentAmount":226.29,"orderDate":"2016-04-02 11:22:26","orderPaymentType":"WIN_CARD","latitude":51.792663,"longitude":-107.075097}
{"orderId":13,"orderGUID":"050cd11e-1ceb-4bac-acb0-4102b84109df","orderPaymentAmount":334.68,"orderDate":"2016-10-15 06:37:46","orderPaymentType":"MEAL_CARD","latitude":-19.00378,"longitude":106.119819}
{"orderId":14,"orderGUID":"bf3a37cd-4d64-439b-94ac-1c9a88f0d080","orderPaymentAmount":245.27,"orderDate":"2017-08-08 04:37:32","orderPaymentType":"TL","latitude":-13.935213,"longitude":-173.879478}
{"orderId":15,"orderGUID":"75cdbb9a-c171-4b2a-8ad4-8c3ec6f418ea","orderPaymentAmount":343.58,"orderDate":"2016-05-31 08:38:46","orderPaymentType":"CASH","latitude":23.174944,"longitude":-6.384964}
{"orderId":16,"orderGUID":"d09692fd-e048-4f88-9ae3-1fa511a1e9ce","orderPaymentAmount":337.8,"orderDate":"2015-03-29 09:37:47","orderPaymentType":"SODEXO","latitude":60.803778,"longitude":65.71562}
{"orderId":17,"orderGUID":"a0eb0390-f031-4ffc-a188-45b16e2d4af4","orderPaymentAmount":338.84,"orderDate":"2019-05-25 11:07:54","orderPaymentType":"EUR","latitude":-56.118983,"longitude":13.088217}
{"orderId":18,"orderGUID":"6f27f98d-9233-4eef-b712-1163edd36a97","orderPaymentAmount":41.41,"orderDate":"2020-07-18 08:36:00","orderPaymentType":"CASH","latitude":-72.379677,"longitude":155.552101}
{"orderId":19,"orderGUID":"ca6e3511-b536-4d19-82c9-d06f5ae81b3d","orderPaymentAmount":291.8,"orderDate":"2017-04-28 01:32:20","orderPaymentType":"CAD","latitude":14.380478,"longitude":22.418039}
{"orderId":20,"orderGUID":"a5a6f249-49b8-4143-a1ab-e9200c408217","orderPaymentAmount":114.01,"orderDate":"2016-06-02 07:34:08","orderPaymentType":"WIN_CARD","latitude":33.645573,"longitude":-18.915819}
{"orderId":21,"orderGUID":"945ee5a5-37aa-48d9-99c5-4a9b5e357552","orderPaymentAmount":239.81,"orderDate":"2020-07-17 02:02:05","orderPaymentType":"USD","latitude":39.744979,"longitude":-169.872723}
{"orderId":22,"orderGUID":"30e3ae8f-2188-404d-a1ea-53a759305e10","orderPaymentAmount":219.02,"orderDate":"2020-04-15 12:01:24","orderPaymentType":"WIN_CARD","latitude":-5.08182,"longitude":157.609097}
{"orderId":23,"orderGUID":"eb53dbc3-0c81-4484-94f3-51007fa2a81c","orderPaymentAmount":252.63,"orderDate":"2015-06-30 10:10:38","orderPaymentType":"CASH","latitude":25.573443,"longitude":-65.332016}
{"orderId":24,"orderGUID":"2a6e0cda-d5aa-4124-80d9-ab614b01d3d1","orderPaymentAmount":335.26,"orderDate":"2020-10-18 02:45:07","orderPaymentType":"SODEXO","latitude":89.071409,"longitude":-82.491651}
{"orderId":25,"orderGUID":"1c041ffe-a8b7-44be-8936-a1cd5a32f1f7","orderPaymentAmount":201.33,"orderDate":"2020-11-27 01:05:34","orderPaymentType":"SODEXO","latitude":57.944806,"longitude":-160.072288}
{"orderId":26,"orderGUID":"92e92d23-afc1-455e-b0d3-cb230407e024","orderPaymentAmount":8.74,"orderDate":"2020-10-12 08:15:36","orderPaymentType":"SET_CARD","latitude":39.699284,"longitude":95.803595}
{"orderId":27,"orderGUID":"1b8a45e7-55a2-4db9-b2e4-d4fc0c03b4ba","orderPaymentAmount":241.08,"orderDate":"2019-12-27 03:26:23","orderPaymentType":"USD","latitude":41.902722,"longitude":1.589294}
{"orderId":28,"orderGUID":"2b15d86a-2b50-4dd3-8590-61e3112a1161","orderPaymentAmount":209.42,"orderDate":"2015-06-12 09:16:23","orderPaymentType":"CAD","latitude":-62.112275,"longitude":-51.923262}
{"orderId":29,"orderGUID":"07e00d58-747e-4d8b-94c5-6c224649e323","orderPaymentAmount":235.51,"orderDate":"2020-08-13 09:16:30","orderPaymentType":"WIN_CARD","latitude":85.334558,"longitude":-20.338135}
{"orderId":30,"orderGUID":"54b4f90d-7a54-4463-a5aa-878fc09f457f","orderPaymentAmount":251.14,"orderDate":"2016-06-14 01:41:12","orderPaymentType":"SODEXO","latitude":-29.252076,"longitude":-95.50068}
{"orderId":31,"orderGUID":"240f0e94-e103-4003-bb23-daeeb2a8ae79","orderPaymentAmount":208.92,"orderDate":"2018-05-24 06:18:34","orderPaymentType":"TL","latitude":-51.327215,"longitude":-134.590291}
{"orderId":32,"orderGUID":"2361deaa-adca-448b-aafd-0533312a30de","orderPaymentAmount":253.48,"orderDate":"2015-08-25 10:08:31","orderPaymentType":"WIN_CARD","latitude":79.877266,"longitude":-44.592639}
{"orderId":33,"orderGUID":"6789583a-9916-4da9-b3bb-2f9328fafaf2","orderPaymentAmount":244.39,"orderDate":"2020-03-25 11:08:03","orderPaymentType":"WIN_CARD","latitude":-19.292848,"longitude":-137.884991}
{"orderId":34,"orderGUID":"da51e49a-f235-4f34-8e58-9f6a85e8771e","orderPaymentAmount":125.38,"orderDate":"2018-01-12 09:14:52","orderPaymentType":"TL","latitude":-85.523088,"longitude":52.521106}
{"orderId":35,"orderGUID":"6acf564b-f58f-44c8-b428-9aee45036cee","orderPaymentAmount":246.72,"orderDate":"2018-05-22 05:13:26","orderPaymentType":"CASH","latitude":-26.532139,"longitude":-48.667706}
{"orderId":36,"orderGUID":"d3a27363-fd29-4fec-aafa-60514d2ee30f","orderPaymentAmount":348.26,"orderDate":"2017-08-08 09:07:16","orderPaymentType":"BOX_CARD","latitude":-30.926985,"longitude":-108.600128}
{"orderId":37,"orderGUID":"26ac9c17-54a8-4700-a7fa-5b2264c38a3b","orderPaymentAmount":309.85,"orderDate":"2016-07-19 04:24:49","orderPaymentType":"BOX_CARD","latitude":37.390535,"longitude":11.084642}
{"orderId":38,"orderGUID":"b538220e-ceb4-4806-844b-3004b16ca64a","orderPaymentAmount":159.63,"orderDate":"2017-04-12 04:04:29","orderPaymentType":"MEAL_CARD","latitude":54.745561,"longitude":-23.903243}
{"orderId":39,"orderGUID":"78b632cf-cd43-4925-806e-ddfd96a0e73a","orderPaymentAmount":129.85,"orderDate":"2018-11-14 02:32:35","orderPaymentType":"WIN_CARD","latitude":-0.598532,"longitude":176.704795}
{"orderId":40,"orderGUID":"e55b0f4d-5917-4bea-aa90-f859083c893e","orderPaymentAmount":333.48,"orderDate":"2017-02-02 01:19:16","orderPaymentType":"SET_CARD","latitude":-11.179943,"longitude":74.21257}
{"orderId":41,"orderGUID":"f3df2fd7-a1c9-4661-a612-83044bdd4c9a","orderPaymentAmount":19.71,"orderDate":"2016-11-04 01:31:43","orderPaymentType":"MULTINET","latitude":-30.301211,"longitude":-170.433306}
{"orderId":42,"orderGUID":"410f5894-653f-4a68-b8d6-21ec731bad8d","orderPaymentAmount":181.21,"orderDate":"2014-01-05 11:32:28","orderPaymentType":"TL","latitude":89.841902,"longitude":-107.984271}
{"orderId":43,"orderGUID":"1ab85819-c42b-40e7-8077-d13117a75eb4","orderPaymentAmount":284.21,"orderDate":"2018-10-16 12:05:16","orderPaymentType":"USD","latitude":-75.253329,"longitude":57.693961}
{"orderId":44,"orderGUID":"59d38da4-3e58-4334-a109-76f259d8c232","orderPaymentAmount":220.23,"orderDate":"2018-03-19 01:03:55","orderPaymentType":"MEAL_CARD","latitude":-11.697151,"longitude":111.054529}
{"orderId":45,"orderGUID":"18178045-36c6-42e3-bc8c-6e2d584a4543","orderPaymentAmount":165.51,"orderDate":"2017-09-21 07:46:35","orderPaymentType":"SET_CARD","latitude":-45.090739,"longitude":-113.385005}
{"orderId":46,"orderGUID":"c575d48f-f303-44bf-9255-3fad997600d1","orderPaymentAmount":65.94,"orderDate":"2018-10-10 06:52:29","orderPaymentType":"EUR","latitude":65.627697,"longitude":90.837674}
{"orderId":47,"orderGUID":"c4bfff0c-d11d-4529-b3b0-c16bde8b7551","orderPaymentAmount":294.57,"orderDate":"2014-12-21 04:23:35","orderPaymentType":"TL","latitude":50.07614,"longitude":-112.63612}
{"orderId":48,"orderGUID":"318c7649-1089-473e-b0be-df196247c3f6","orderPaymentAmount":49.12,"orderDate":"2018-08-27 10:13:22","orderPaymentType":"CASH","latitude":27.162051,"longitude":-100.071812}
{"orderId":49,"orderGUID":"89b0a194-e423-418d-98e4-865b22b797ea","orderPaymentAmount":36.14,"orderDate":"2015-02-25 07:19:32","orderPaymentType":"USD","latitude":69.298878,"longitude":-175.654869}
{"orderId":50,"orderGUID":"3e966865-860e-46ce-8e56-534a4de61314","orderPaymentAmount":200.95,"orderDate":"2019-09-12 09:41:12","orderPaymentType":"MEAL_CARD","latitude":-48.781029,"longitude":-103.974666}
{"orderId":51,"orderGUID":"2cb9e49c-acb6-4b15-971d-067189d66c8e","orderPaymentAmount":4.1,"orderDate":"2019-10-14 02:55:42","orderPaymentType":"EUR","latitude":-75.474405,"longitude":-15.570826}
{"orderId":52,"orderGUID":"d21be317-5a89-4ea5-aa16-54f99e8a84de","orderPaymentAmount":138.04,"orderDate":"2019-02-09 08:45:21","orderPaymentType":"EUR","latitude":37.517497,"longitude":-22.152177}
{"orderId":53,"orderGUID":"2137ecf8-5575-42c3-80bb-0d0380a17f2f","orderPaymentAmount":283.89,"orderDate":"2019-10-21 03:29:13","orderPaymentType":"WIN_CARD","latitude":5.256077,"longitude":-167.941384}
{"orderId":54,"orderGUID":"34f4439e-0ae8-4189-a7da-91d07cab4de7","orderPaymentAmount":272.3,"orderDate":"2019-12-19 12:37:00","orderPaymentType":"BOX_CARD","latitude":-32.025249,"longitude":85.476428}
{"orderId":55,"orderGUID":"b688b372-7106-4f82-9deb-37dd0f6ed357","orderPaymentAmount":25.52,"orderDate":"2018-06-23 07:51:17","orderPaymentType":"SODEXO","latitude":-18.716449,"longitude":-137.078135}
{"orderId":56,"orderGUID":"b9c0c0fd-82d1-4e83-9687-f0862f34da03","orderPaymentAmount":178.57,"orderDate":"2018-01-06 10:42:07","orderPaymentType":"EUR","latitude":52.184099,"longitude":58.211767}
{"orderId":57,"orderGUID":"69ccbba6-b73b-49d2-ba20-50250b30c273","orderPaymentAmount":111.94,"orderDate":"2018-11-06 07:49:42","orderPaymentType":"SODEXO","latitude":63.145485,"longitude":-106.617063}
{"orderId":58,"orderGUID":"34344469-1cfa-4cce-938f-48b64b0a1b27","orderPaymentAmount":183.11,"orderDate":"2020-04-28 09:54:15","orderPaymentType":"SODEXO","latitude":26.15398,"longitude":-60.270208}
{"orderId":59,"orderGUID":"b82194c4-ead2-453b-b88f-b50a23320c60","orderPaymentAmount":312.8,"orderDate":"2014-04-09 02:49:09","orderPaymentType":"EUR","latitude":-35.386677,"longitude":94.959279}
{"orderId":60,"orderGUID":"61694ee9-231b-42c8-8a97-92b4679df872","orderPaymentAmount":119.33,"orderDate":"2017-04-09 01:47:30","orderPaymentType":"SET_CARD","latitude":29.603287,"longitude":37.336812}
{"orderId":61,"orderGUID":"ee0a5ae6-0121-4724-b444-624c18b23b14","orderPaymentAmount":135.41,"orderDate":"2016-06-06 08:21:24","orderPaymentType":"BOX_CARD","latitude":68.182535,"longitude":-109.946234}
{"orderId":62,"orderGUID":"bed474d6-8956-4966-89f8-f3fe6fc4f88a","orderPaymentAmount":231.46,"orderDate":"2017-06-21 04:00:35","orderPaymentType":"BOX_CARD","latitude":-0.45066,"longitude":-5.84272}
{"orderId":63,"orderGUID":"917dc71a-194b-4244-9a89-282115e7d6a0","orderPaymentAmount":295.78,"orderDate":"2015-01-11 11:10:05","orderPaymentType":"SODEXO","latitude":45.103457,"longitude":144.554659}
{"orderId":64,"orderGUID":"85b045ff-4b27-4803-a7d3-198fe4135e56","orderPaymentAmount":308.89,"orderDate":"2014-08-29 10:48:19","orderPaymentType":"WIN_CARD","latitude":-22.637698,"longitude":-123.155627}
{"orderId":65,"orderGUID":"11336974-65d9-4188-9e2a-8c05ffb66443","orderPaymentAmount":63.5,"orderDate":"2015-04-19 11:25:33","orderPaymentType":"BOX_CARD","latitude":71.599855,"longitude":-179.589378}
{"orderId":66,"orderGUID":"2e2b7037-be44-4475-9cbe-217c44b881ad","orderPaymentAmount":145.05,"orderDate":"2018-05-15 09:07:42","orderPaymentType":"BOX_CARD","latitude":-38.051855,"longitude":54.444773}
{"orderId":67,"orderGUID":"6cd02eb4-3cb6-41a3-93c9-aca851e50db4","orderPaymentAmount":172.24,"orderDate":"2015-11-11 04:06:35","orderPaymentType":"SODEXO","latitude":80.352314,"longitude":25.256106}
{"orderId":68,"orderGUID":"2b74138d-8163-4461-8f9d-84a7285cea1d","orderPaymentAmount":135.73,"orderDate":"2018-07-02 09:07:41","orderPaymentType":"TL","latitude":68.979348,"longitude":-21.819222}
{"orderId":69,"orderGUID":"67e39626-951b-4c91-afc5-b4ada3ab27db","orderPaymentAmount":120.4,"orderDate":"2018-06-15 07:32:20","orderPaymentType":"MULTINET","latitude":49.42157,"longitude":109.811674}
{"orderId":70,"orderGUID":"79e6555a-6fec-482d-a061-2dabdb9b2d64","orderPaymentAmount":126.14,"orderDate":"2014-03-01 10:31:38","orderPaymentType":"USD","latitude":-82.957183,"longitude":-144.075738}
{"orderId":71,"orderGUID":"2e23f9fc-c534-4d74-a8ce-5ffe8fdcca07","orderPaymentAmount":17.83,"orderDate":"2014-07-06 07:16:04","orderPaymentType":"WIN_CARD","latitude":-18.611872,"longitude":-22.559328}
{"orderId":72,"orderGUID":"b2b1ada5-8c9b-4806-92a4-99cc89e973ac","orderPaymentAmount":97.94,"orderDate":"2018-08-06 05:17:02","orderPaymentType":"SODEXO","latitude":83.220017,"longitude":-116.767618}
{"orderId":73,"orderGUID":"246fc35e-5488-4d90-921d-086e2b10c930","orderPaymentAmount":262.44,"orderDate":"2017-11-22 02:39:07","orderPaymentType":"SET_CARD","latitude":-42.571202,"longitude":75.534139}
{"orderId":74,"orderGUID":"535386e0-312c-44c2-938b-add7de744546","orderPaymentAmount":50.31,"orderDate":"2019-04-25 12:22:17","orderPaymentType":"WIN_CARD","latitude":-27.798217,"longitude":-13.755675}
{"orderId":75,"orderGUID":"97e0f724-dc7e-42b2-a288-cb4f0c63f39b","orderPaymentAmount":222.74,"orderDate":"2015-12-15 01:29:38","orderPaymentType":"EUR","latitude":38.659876,"longitude":164.941624}
{"orderId":76,"orderGUID":"33b90adb-c982-4a9e-9c5b-69f6b6303a2d","orderPaymentAmount":251.36,"orderDate":"2018-05-10 09:45:50","orderPaymentType":"TL","latitude":52.155459,"longitude":-142.54971}
{"orderId":77,"orderGUID":"5163d00d-bd01-48a3-84c9-dec650cca368","orderPaymentAmount":311.78,"orderDate":"2017-12-03 11:19:55","orderPaymentType":"SET_CARD","latitude":-13.293906,"longitude":-159.501676}
{"orderId":78,"orderGUID":"0888ec07-6c8b-4889-ad68-b46b33d4e044","orderPaymentAmount":90.06,"orderDate":"2014-03-27 11:07:55","orderPaymentType":"MEAL_CARD","latitude":-30.661836,"longitude":-106.187118}
{"orderId":79,"orderGUID":"3d01960b-acaf-4b36-bee1-a8ecf929732b","orderPaymentAmount":208.12,"orderDate":"2014-11-14 04:39:58","orderPaymentType":"EUR","latitude":22.632471,"longitude":-124.165051}
{"orderId":80,"orderGUID":"599d9ce9-cb15-4429-96df-4606c532a365","orderPaymentAmount":223.37,"orderDate":"2020-03-23 06:23:17","orderPaymentType":"WIN_CARD","latitude":-60.523074,"longitude":132.780005}
{"orderId":81,"orderGUID":"99607cb2-21d0-481a-a701-d4bc623dcf13","orderPaymentAmount":249.85,"orderDate":"2018-02-09 09:17:11","orderPaymentType":"CAD","latitude":2.377386,"longitude":-139.492178}
{"orderId":82,"orderGUID":"2d5fbaf1-1dd9-4845-b4c7-67b9cc44f992","orderPaymentAmount":105.75,"orderDate":"2020-08-09 05:33:40","orderPaymentType":"EUR","latitude":71.669552,"longitude":-53.181656}
{"orderId":83,"orderGUID":"e053a10f-6d1f-4fe4-806f-16df168c23ba","orderPaymentAmount":159.1,"orderDate":"2014-11-08 10:10:08","orderPaymentType":"CREDIT_CARD","latitude":-65.213786,"longitude":178.13008}
{"orderId":84,"orderGUID":"6e996357-7b0b-4be0-a9e3-e470b69c2798","orderPaymentAmount":314.67,"orderDate":"2017-03-04 06:40:59","orderPaymentType":"MEAL_CARD","latitude":15.446783,"longitude":38.166058}
{"orderId":85,"orderGUID":"987def3b-0ee9-4c49-ae8a-e42f61ced1b5","orderPaymentAmount":169.5,"orderDate":"2015-08-15 04:56:19","orderPaymentType":"CREDIT_CARD","latitude":21.970274,"longitude":105.999657}
{"orderId":86,"orderGUID":"7a457628-c818-4350-95af-85c11dba06c4","orderPaymentAmount":131.05,"orderDate":"2020-05-28 08:45:43","orderPaymentType":"MULTINET","latitude":-26.022518,"longitude":13.897047}
{"orderId":87,"orderGUID":"6df774c0-c0d7-4364-8c81-6b5ee19c85c1","orderPaymentAmount":328.17,"orderDate":"2014-08-01 01:42:53","orderPaymentType":"EUR","latitude":-5.477837,"longitude":12.538311}
{"orderId":88,"orderGUID":"ff9d6612-b7b5-493d-b05d-4efe41eadfa0","orderPaymentAmount":223.76,"orderDate":"2020-11-23 02:52:06","orderPaymentType":"WIN_CARD","latitude":76.286117,"longitude":-116.03874}
{"orderId":89,"orderGUID":"b64445af-5651-4c13-a083-2553a5103e9a","orderPaymentAmount":5.91,"orderDate":"2017-05-05 02:24:53","orderPaymentType":"EUR","latitude":42.317789,"longitude":142.767226}
{"orderId":90,"orderGUID":"42bfd069-2d4d-460a-9953-0a9bf8785d99","orderPaymentAmount":316.58,"orderDate":"2020-03-08 04:59:50","orderPaymentType":"SET_CARD","latitude":-11.287155,"longitude":-126.963471}
{"orderId":91,"orderGUID":"d638856c-ee33-489e-b35f-1dc735eda1c4","orderPaymentAmount":321.84,"orderDate":"2016-02-28 01:20:13","orderPaymentType":"EUR","latitude":-60.305405,"longitude":94.864409}
{"orderId":92,"orderGUID":"02ef619c-d676-458a-b9a0-40af73dc7c7a","orderPaymentAmount":267.47,"orderDate":"2016-07-18 12:58:32","orderPaymentType":"EUR","latitude":-64.349299,"longitude":-130.799999}
{"orderId":93,"orderGUID":"6de65b86-ee27-42fe-9ec1-c3869c39395a","orderPaymentAmount":86.26,"orderDate":"2015-02-04 05:18:24","orderPaymentType":"MEAL_CARD","latitude":-4.630824,"longitude":-81.583934}
{"orderId":94,"orderGUID":"81e90b56-cc73-410c-9e93-4458ddd4d877","orderPaymentAmount":127.45,"orderDate":"2015-10-04 03:47:21","orderPaymentType":"CREDIT_CARD","latitude":-46.347518,"longitude":-77.79191}
{"orderId":95,"orderGUID":"604b1dd3-dc09-421c-8afc-05b3749d8928","orderPaymentAmount":131.98,"orderDate":"2018-10-05 10:55:38","orderPaymentType":"USD","latitude":-86.749321,"longitude":45.530546}
{"orderId":96,"orderGUID":"f8a4dc54-2a0c-40eb-af8d-1a435b2357c4","orderPaymentAmount":288.19,"orderDate":"2019-12-09 09:00:46","orderPaymentType":"MEAL_CARD","latitude":-20.083308,"longitude":-128.995803}
{"orderId":97,"orderGUID":"54c2a1ca-ec6c-40b4-8aa1-20539d64ff32","orderPaymentAmount":259.11,"orderDate":"2018-07-16 02:44:32","orderPaymentType":"USD","latitude":-9.064883,"longitude":12.34597}
{"orderId":98,"orderGUID":"b03d7d4a-c1dc-4a5b-8289-214e974406b8","orderPaymentAmount":185.19,"orderDate":"2020-06-22 05:52:06","orderPaymentType":"SET_CARD","latitude":-76.886638,"longitude":-135.688752}
{"orderId":99,"orderGUID":"9275261a-ffb2-45f6-a19c-52aa53b2dc97","orderPaymentAmount":279.37,"orderDate":"2017-06-03 07:28:52","orderPaymentType":"MULTINET","latitude":77.712885,"longitude":125.765404}
{"orderId":100,"orderGUID":"1079bd0d-2f3c-49e0-aac2-c2be5a153ff7","orderPaymentAmount":119.17,"orderDate":"2019-04-25 09:05:08","orderPaymentType":"CAD","latitude":71.066053,"longitude":-157.042061}
{"orderId":101,"orderGUID":"50e2cb24-98b1-4909-9508-b13ee8aa4cd8","orderPaymentAmount":13.38,"orderDate":"2017-11-27 03:16:30","orderPaymentType":"TL","latitude":-43.775539,"longitude":61.346163}
{"orderId":102,"orderGUID":"22c8d5c0-36c3-459d-8757-7ff594ee1c87","orderPaymentAmount":121.2,"orderDate":"2015-11-19 03:06:23","orderPaymentType":"EUR","latitude":-23.778062,"longitude":4.375594}
{"orderId":103,"orderGUID":"4d622d16-d0d9-4787-8835-68a73c91ddf0","orderPaymentAmount":109.72,"orderDate":"2015-07-12 01:36:03","orderPaymentType":"SET_CARD","latitude":64.255195,"longitude":98.885489}
{"orderId":104,"orderGUID":"d92b3f70-d969-4d31-b1fd-167f9743e68a","orderPaymentAmount":166.85,"orderDate":"2020-03-17 03:29:13","orderPaymentType":"TL","latitude":5.46043,"longitude":171.89306}
{"orderId":105,"orderGUID":"5c08c4d0-c2d9-4bd3-8be5-aa45b13aa9d8","orderPaymentAmount":269.6,"orderDate":"2015-05-27 07:13:54","orderPaymentType":"SET_CARD","latitude":-80.490588,"longitude":17.257137}
{"orderId":106,"orderGUID":"6090a9aa-89e6-4e4d-98ce-c7b3583f0125","orderPaymentAmount":19.52,"orderDate":"2020-02-28 12:22:31","orderPaymentType":"TL","latitude":41.742076,"longitude":-62.420711}
{"orderId":107,"orderGUID":"e6008841-9d2c-4d40-9a91-2bcfb554a568","orderPaymentAmount":137.3,"orderDate":"2017-04-30 09:20:54","orderPaymentType":"CREDIT_CARD","latitude":-31.310468,"longitude":-108.392005}
{"orderId":108,"orderGUID":"45d9fed0-2346-4b3f-8183-902a3257a69c","orderPaymentAmount":207.51,"orderDate":"2019-01-07 12:04:35","orderPaymentType":"CAD","latitude":52.755366,"longitude":12.150685}
{"orderId":109,"orderGUID":"84248fcd-897e-4c68-9b81-86d1a011a852","orderPaymentAmount":285.07,"orderDate":"2015-02-11 01:06:42","orderPaymentType":"SODEXO","latitude":64.879063,"longitude":-108.054554}
{"orderId":110,"orderGUID":"5e7caeca-3e4f-488e-ba8e-b0504fb838df","orderPaymentAmount":202.59,"orderDate":"2016-04-16 11:32:19","orderPaymentType":"CAD","latitude":66.432453,"longitude":-88.796326}
{"orderId":111,"orderGUID":"f98a1df0-1d57-4ac6-9350-9e4a6ba00a2a","orderPaymentAmount":7.38,"orderDate":"2016-04-30 07:00:06","orderPaymentType":"CASH","latitude":-76.816514,"longitude":-134.714379}
{"orderId":112,"orderGUID":"ec677b1b-3f93-4e08-86ff-78a4ed3a18ca","orderPaymentAmount":235.31,"orderDate":"2016-08-09 11:56:46","orderPaymentType":"SET_CARD","latitude":41.767231,"longitude":168.152521}
{"orderId":113,"orderGUID":"22ae6051-00ea-41d7-9633-8e0a1bea7086","orderPaymentAmount":176.21,"orderDate":"2018-02-05 06:39:51","orderPaymentType":"TL","latitude":-23.932921,"longitude":-67.321867}
{"orderId":114,"orderGUID":"49e81105-7606-4453-bd6c-17e8812dc900","orderPaymentAmount":115.9,"orderDate":"2016-08-07 07:08:20","orderPaymentType":"WIN_CARD","latitude":-29.252244,"longitude":-32.908233}
{"orderId":115,"orderGUID":"d56331c7-4bef-422a-baaf-2898a577438f","orderPaymentAmount":96.99,"orderDate":"2015-02-19 11:47:14","orderPaymentType":"SODEXO","latitude":15.465493,"longitude":-102.491321}
{"orderId":116,"orderGUID":"df1b6c7d-0c8a-4a2a-86f7-0512d62546f1","orderPaymentAmount":268.81,"orderDate":"2015-01-29 01:41:26","orderPaymentType":"WIN_CARD","latitude":32.373127,"longitude":-145.76003}
{"orderId":117,"orderGUID":"85194c7a-702f-4918-a5c6-70750261639f","orderPaymentAmount":209.62,"orderDate":"2017-12-19 07:06:52","orderPaymentType":"SET_CARD","latitude":-51.518771,"longitude":-150.325206}
{"orderId":118,"orderGUID":"2282a5bb-33db-40c8-ba4c-7ad3632d69f0","orderPaymentAmount":269.36,"orderDate":"2019-01-07 04:49:23","orderPaymentType":"BOX_CARD","latitude":-89.011587,"longitude":147.325423}
{"orderId":119,"orderGUID":"8cd71436-a44e-41bb-ac46-aa01a08adb86","orderPaymentAmount":24.18,"orderDate":"2015-09-06 07:47:30","orderPaymentType":"CAD","latitude":-32.008145,"longitude":136.27611}
{"orderId":120,"orderGUID":"304da54c-5549-4d34-b2a6-b3b24de01048","orderPaymentAmount":57.78,"orderDate":"2019-03-06 04:49:29","orderPaymentType":"EUR","latitude":67.852861,"longitude":-65.371418}
{"orderId":121,"orderGUID":"8575494b-325e-46a2-ab5c-96e6816113a9","orderPaymentAmount":246.23,"orderDate":"2017-12-30 08:12:46","orderPaymentType":"MEAL_CARD","latitude":8.934002,"longitude":-141.332236}
{"orderId":122,"orderGUID":"fcdd2035-7077-4cc6-b59f-2c4c1443715c","orderPaymentAmount":308.03,"orderDate":"2015-04-08 02:04:09","orderPaymentType":"CAD","latitude":-14.830096,"longitude":-151.10659}
{"orderId":123,"orderGUID":"b0057e77-ab3e-4234-bdff-48f59445a92e","orderPaymentAmount":152.99,"orderDate":"2014-05-25 11:44:07","orderPaymentType":"SODEXO","latitude":86.408426,"longitude":31.548352}
{"orderId":124,"orderGUID":"be6dd211-91e3-4671-996f-1a3a7b8853f2","orderPaymentAmount":313.11,"orderDate":"2015-10-21 10:47:22","orderPaymentType":"EUR","latitude":11.233109,"longitude":26.51971}
{"orderId":125,"orderGUID":"b8bc3566-834a-4692-875d-5afbfec7e7bc","orderPaymentAmount":329.52,"orderDate":"2016-10-06 03:37:16","orderPaymentType":"CREDIT_CARD","latitude":-78.260741,"longitude":-111.054721}
{"orderId":126,"orderGUID":"2ad76a95-1bd5-44d2-bd77-6e295086e6a9","orderPaymentAmount":98.44,"orderDate":"2016-08-26 08:48:10","orderPaymentType":"MULTINET","latitude":-60.591679,"longitude":-7.890749}
{"orderId":127,"orderGUID":"93cd0023-647d-4790-8283-5f43bd8f3e4f","orderPaymentAmount":116.97,"orderDate":"2015-12-08 05:38:50","orderPaymentType":"SET_CARD","latitude":-33.086659,"longitude":10.615592}
{"orderId":128,"orderGUID":"0b262579-d4ee-4b97-b3a4-90f795f49a6f","orderPaymentAmount":126.91,"orderDate":"2015-04-24 06:55:17","orderPaymentType":"WIN_CARD","latitude":82.318631,"longitude":-8.815967}
{"orderId":129,"orderGUID":"26a999a2-8cb4-47e0-a1ee-b94a25797745","orderPaymentAmount":57.85,"orderDate":"2016-01-22 03:57:05","orderPaymentType":"MULTINET","latitude":-17.091115,"longitude":141.181783}
{"orderId":130,"orderGUID":"218abe38-bfc9-4e62-a565-4e4dc06fd183","orderPaymentAmount":165.31,"orderDate":"2018-01-21 02:56:58","orderPaymentType":"EUR","latitude":-77.869858,"longitude":137.502259}
{"orderId":131,"orderGUID":"b85de28f-f314-43c1-ab55-1f2c49152ffc","orderPaymentAmount":36.21,"orderDate":"2017-12-24 04:36:41","orderPaymentType":"SET_CARD","latitude":-63.07349,"longitude":-90.115359}
{"orderId":132,"orderGUID":"0dfd9ece-9d72-4768-a3bc-73c77bca0f7f","orderPaymentAmount":116.74,"orderDate":"2015-05-31 09:59:49","orderPaymentType":"EUR","latitude":-18.571778,"longitude":-121.429078}
{"orderId":133,"orderGUID":"ccba48a5-acc0-481e-9621-abaf14cb351f","orderPaymentAmount":158.47,"orderDate":"2016-02-06 02:50:10","orderPaymentType":"USD","latitude":-35.591004,"longitude":-164.626169}
{"orderId":134,"orderGUID":"a0bb026e-ed6e-46c8-93cb-574ec426ce24","orderPaymentAmount":320.46,"orderDate":"2016-12-30 06:27:14","orderPaymentType":"MEAL_CARD","latitude":72.151297,"longitude":145.347692}
{"orderId":135,"orderGUID":"75fd8b0d-dddb-446f-a733-76d4b2531d12","orderPaymentAmount":335.19,"orderDate":"2018-01-13 07:00:50","orderPaymentType":"CASH","latitude":34.912243,"longitude":167.602746}
{"orderId":136,"orderGUID":"3659b9fd-1ccd-400c-bc7f-9002af2f93b5","orderPaymentAmount":22.1,"orderDate":"2016-06-23 03:10:04","orderPaymentType":"EUR","latitude":42.491233,"longitude":117.123805}
{"orderId":137,"orderGUID":"a22b916a-548e-42c6-9400-8f94c2c04945","orderPaymentAmount":71.85,"orderDate":"2018-02-18 03:16:12","orderPaymentType":"TL","latitude":42.265087,"longitude":-83.887907}
{"orderId":138,"orderGUID":"6dc97641-f05f-4405-b0ad-d27185d8adf7","orderPaymentAmount":313.67,"orderDate":"2016-09-19 05:35:31","orderPaymentType":"MEAL_CARD","latitude":-25.685423,"longitude":58.965651}
{"orderId":139,"orderGUID":"4a226d95-344f-4f41-8c23-4c30fd524e50","orderPaymentAmount":177.74,"orderDate":"2017-09-19 02:55:52","orderPaymentType":"SET_CARD","latitude":82.08078,"longitude":26.031744}
{"orderId":140,"orderGUID":"7352a2bf-7128-4ffb-a740-de1f9fb1367d","orderPaymentAmount":165.19,"orderDate":"2018-11-22 06:04:53","orderPaymentType":"SODEXO","latitude":-20.485054,"longitude":-44.743259}
{"orderId":141,"orderGUID":"bc55af07-5506-4ce3-8bb7-04bfe62b723f","orderPaymentAmount":114.24,"orderDate":"2020-12-12 08:47:11","orderPaymentType":"EUR","latitude":-34.215575,"longitude":38.708258}
{"orderId":142,"orderGUID":"129629c7-523a-4c24-a389-98d70e3f9a6e","orderPaymentAmount":324.55,"orderDate":"2020-06-20 11:41:03","orderPaymentType":"EUR","latitude":-43.261506,"longitude":-10.256032}
{"orderId":143,"orderGUID":"4a1d4f86-a43f-4bff-bd15-103b4ba26bb7","orderPaymentAmount":231.88,"orderDate":"2017-05-20 07:21:12","orderPaymentType":"TL","latitude":-51.892407,"longitude":-47.755391}
{"orderId":144,"orderGUID":"6111392b-30c5-4a4c-a3b2-691faab43668","orderPaymentAmount":13.56,"orderDate":"2019-06-05 09:44:12","orderPaymentType":"MEAL_CARD","latitude":27.569136,"longitude":-90.942716}
{"orderId":145,"orderGUID":"676febf8-c8a1-4cb0-8029-660a6c951ae3","orderPaymentAmount":65.08,"orderDate":"2020-03-14 01:58:12","orderPaymentType":"CASH","latitude":78.84455,"longitude":44.086683}
{"orderId":146,"orderGUID":"4a916dfe-ea85-4f23-ba28-cadde92fcfc6","orderPaymentAmount":107.93,"orderDate":"2018-03-09 09:50:15","orderPaymentType":"BOX_CARD","latitude":-78.392144,"longitude":-21.365332}
{"orderId":147,"orderGUID":"2528faa3-dce4-4fd7-8513-bd34eac552be","orderPaymentAmount":96.44,"orderDate":"2019-12-02 05:39:08","orderPaymentType":"CAD","latitude":84.871984,"longitude":167.85531}
{"orderId":148,"orderGUID":"43ef9a66-e5d0-4e29-b3f4-ddf4bd9f56c7","orderPaymentAmount":288.01,"orderDate":"2017-10-09 11:10:57","orderPaymentType":"MEAL_CARD","latitude":61.650722,"longitude":95.575676}
{"orderId":149,"orderGUID":"1405b483-a711-41d2-8e1a-f2bcdf8eb30b","orderPaymentAmount":74.56,"orderDate":"2014-02-22 02:30:51","orderPaymentType":"EUR","latitude":24.751501,"longitude":-81.423078}
{"orderId":150,"orderGUID":"7542a326-6b8f-498a-8924-0b24b62b4d34","orderPaymentAmount":127.8,"orderDate":"2017-10-24 12:13:03","orderPaymentType":"SODEXO","latitude":87.012921,"longitude":-38.590935}
{"orderId":151,"orderGUID":"fbab96da-6e03-409d-bca0-cb073faef72b","orderPaymentAmount":63.93,"orderDate":"2014-01-28 11:03:19","orderPaymentType":"MULTINET","latitude":-25.073416,"longitude":77.709587}
{"orderId":152,"orderGUID":"16ef8974-c2c2-4365-ad09-1f1d73bca92b","orderPaymentAmount":34.91,"orderDate":"2020-09-26 11:54:32","orderPaymentType":"TL","latitude":-35.735128,"longitude":75.842921}
{"orderId":153,"orderGUID":"db367b60-e03d-45ff-ab9f-910d4e7791e9","orderPaymentAmount":215.74,"orderDate":"2020-01-28 09:42:36","orderPaymentType":"BOX_CARD","latitude":-52.728837,"longitude":121.297353}
{"orderId":154,"orderGUID":"bbe8e543-beeb-4e09-b11a-d64de55d9710","orderPaymentAmount":222.34,"orderDate":"2018-10-02 12:03:00","orderPaymentType":"USD","latitude":-35.572209,"longitude":-24.491564}
{"orderId":155,"orderGUID":"5478e016-0a06-4a6a-b85d-02c165aecd6e","orderPaymentAmount":172.47,"orderDate":"2019-05-04 02:32:10","orderPaymentType":"MULTINET","latitude":89.466398,"longitude":84.344195}
{"orderId":156,"orderGUID":"ae73b58f-773e-49a4-878c-cfd2f24317fd","orderPaymentAmount":271.24,"orderDate":"2020-10-14 09:54:12","orderPaymentType":"SET_CARD","latitude":13.695027,"longitude":-103.809374}
{"orderId":157,"orderGUID":"70fc9445-ae3f-4818-a36d-a219f35a5594","orderPaymentAmount":293.94,"orderDate":"2019-04-07 11:42:32","orderPaymentType":"BOX_CARD","latitude":12.381882,"longitude":-76.549214}
{"orderId":158,"orderGUID":"c2078f20-206a-4bda-bb5e-613e5df266bf","orderPaymentAmount":73.23,"orderDate":"2017-03-16 05:15:29","orderPaymentType":"MEAL_CARD","latitude":43.744779,"longitude":-7.050541}
{"orderId":159,"orderGUID":"bd4c2801-311b-4fc3-affa-31cdf49dea16","orderPaymentAmount":208.78,"orderDate":"2015-10-15 04:11:12","orderPaymentType":"EUR","latitude":-80.031103,"longitude":-41.687688}
{"orderId":160,"orderGUID":"205c2baa-d21f-40aa-ac0d-8eda5a547fc1","orderPaymentAmount":319.94,"orderDate":"2020-01-12 08:33:51","orderPaymentType":"CREDIT_CARD","latitude":-82.174184,"longitude":25.8455}
{"orderId":161,"orderGUID":"18402f1e-58ef-465e-af20-8504632a6353","orderPaymentAmount":276.9,"orderDate":"2016-09-27 05:42:31","orderPaymentType":"BOX_CARD","latitude":-51.26621,"longitude":-112.533184}
{"orderId":162,"orderGUID":"c79248b1-2a83-45ae-9a2c-692a7d120fb5","orderPaymentAmount":297.8,"orderDate":"2014-12-08 07:50:18","orderPaymentType":"MULTINET","latitude":76.941347,"longitude":-106.240682}
{"orderId":163,"orderGUID":"1182bbc4-7146-4a8e-89f0-ba2835f4d59f","orderPaymentAmount":170.98,"orderDate":"2014-11-03 01:51:30","orderPaymentType":"MEAL_CARD","latitude":11.932015,"longitude":-3.849622}
{"orderId":164,"orderGUID":"38343a15-dead-4673-9ebd-fe4abd5c6c0d","orderPaymentAmount":91.13,"orderDate":"2016-03-23 01:55:16","orderPaymentType":"EUR","latitude":0.592077,"longitude":-96.385176}
{"orderId":165,"orderGUID":"84ee48c4-7bd0-457b-ad0c-d10711ba807c","orderPaymentAmount":141.65,"orderDate":"2016-12-19 01:38:35","orderPaymentType":"MULTINET","latitude":-63.720764,"longitude":-18.294334}
{"orderId":166,"orderGUID":"f631f761-20dc-43c6-8bdb-b732658a7060","orderPaymentAmount":72.47,"orderDate":"2020-11-15 02:43:04","orderPaymentType":"MULTINET","latitude":-9.509376,"longitude":-113.900066}
{"orderId":167,"orderGUID":"9f867604-7458-4250-819e-5382beee3b57","orderPaymentAmount":155.17,"orderDate":"2015-09-07 03:49:46","orderPaymentType":"MEAL_CARD","latitude":14.848281,"longitude":-7.976361}
{"orderId":168,"orderGUID":"a895ed73-87c7-44be-bef5-b5be6335e0ca","orderPaymentAmount":81.59,"orderDate":"2015-06-28 09:44:37","orderPaymentType":"EUR","latitude":24.255398,"longitude":-146.178775}
{"orderId":169,"orderGUID":"0d945952-ad6d-4ce8-bab7-4aab29776f34","orderPaymentAmount":37.58,"orderDate":"2016-07-26 09:09:31","orderPaymentType":"SET_CARD","latitude":20.40346,"longitude":-30.087901}
{"orderId":170,"orderGUID":"c33d1b47-07c6-4b30-a3e9-da638b3a2110","orderPaymentAmount":278.24,"orderDate":"2018-08-26 01:07:00","orderPaymentType":"EUR","latitude":-45.877905,"longitude":-89.231029}
{"orderId":171,"orderGUID":"da0bf3f3-f820-46fa-863f-3594098f8433","orderPaymentAmount":28.14,"orderDate":"2017-12-27 03:27:20","orderPaymentType":"SODEXO","latitude":-83.433502,"longitude":37.706753}
{"orderId":172,"orderGUID":"7b0208a2-035c-448d-8862-a7c4de3d005c","orderPaymentAmount":74.26,"orderDate":"2020-11-10 03:59:00","orderPaymentType":"BOX_CARD","latitude":-88.236885,"longitude":-71.266315}
{"orderId":173,"orderGUID":"e8bf0056-0de8-4ade-bc57-dd4992ee49e8","orderPaymentAmount":302.21,"orderDate":"2019-07-28 07:35:07","orderPaymentType":"SET_CARD","latitude":-15.068794,"longitude":-72.576595}
{"orderId":174,"orderGUID":"fe2aaba1-7a50-4c6b-a204-f64ddadea5c4","orderPaymentAmount":244.3,"orderDate":"2017-08-19 05:28:34","orderPaymentType":"MULTINET","latitude":79.339057,"longitude":-126.074783}
{"orderId":175,"orderGUID":"f2be981d-a5c8-4005-a53f-1cc668ad2ee2","orderPaymentAmount":292.62,"orderDate":"2020-06-02 07:47:39","orderPaymentType":"USD","latitude":-4.042807,"longitude":6.194958}
{"orderId":176,"orderGUID":"22216942-4427-438a-be6b-d0331f08e7d5","orderPaymentAmount":211.63,"orderDate":"2016-04-02 10:24:21","orderPaymentType":"BOX_CARD","latitude":67.400657,"longitude":-153.498874}
{"orderId":177,"orderGUID":"cfaf0361-3939-4387-a976-01adee5670c4","orderPaymentAmount":271.57,"orderDate":"2016-06-10 09:24:05","orderPaymentType":"BOX_CARD","latitude":-9.09078,"longitude":-50.582644}
{"orderId":178,"orderGUID":"f8f7da5b-f51f-4fa4-8e01-26de427e8b62","orderPaymentAmount":85.62,"orderDate":"2014-08-18 03:08:31","orderPaymentType":"TL","latitude":-14.325194,"longitude":-143.308644}
{"orderId":179,"orderGUID":"04f8d7de-7a00-4f2c-9047-f8f72a31dda7","orderPaymentAmount":111.62,"orderDate":"2014-03-03 06:08:55","orderPaymentType":"USD","latitude":45.653253,"longitude":-115.054111}
{"orderId":180,"orderGUID":"d5120329-cf1a-49f1-888a-8cc5ddf65673","orderPaymentAmount":109.42,"orderDate":"2019-11-25 01:03:12","orderPaymentType":"MULTINET","latitude":2.280695,"longitude":98.520592}
{"orderId":181,"orderGUID":"fa57ba70-c004-4364-8555-494f472a5c04","orderPaymentAmount":276.2,"orderDate":"2017-12-18 07:23:45","orderPaymentType":"CASH","latitude":28.895899,"longitude":155.121332}
{"orderId":182,"orderGUID":"9e7e108c-3aef-49fe-9395-03734427e66b","orderPaymentAmount":60.76,"orderDate":"2018-12-07 11:11:41","orderPaymentType":"MEAL_CARD","latitude":-20.671905,"longitude":79.768785}
{"orderId":183,"orderGUID":"36058eec-c301-4c4f-b915-1cf46cd532a1","orderPaymentAmount":0.5,"orderDate":"2017-10-08 09:54:34","orderPaymentType":"SET_CARD","latitude":-73.720207,"longitude":106.208231}
{"orderId":184,"orderGUID":"1e162874-0171-40c3-bdd5-15323853f36b","orderPaymentAmount":343.65,"orderDate":"2019-06-12 08:45:30","orderPaymentType":"EUR","latitude":66.885822,"longitude":110.002421}
{"orderId":185,"orderGUID":"0a626e1a-9a9b-43e3-a8f8-daa332ab1ed4","orderPaymentAmount":250.23,"orderDate":"2016-02-05 06:23:50","orderPaymentType":"CREDIT_CARD","latitude":88.812143,"longitude":-91.71899}
{"orderId":186,"orderGUID":"d84ff1c4-fda9-4075-b1dc-73ed19a19dad","orderPaymentAmount":26.54,"orderDate":"2020-07-24 07:50:54","orderPaymentType":"TL","latitude":-69.24247,"longitude":18.529963}
{"orderId":187,"orderGUID":"266af51a-3606-4ead-bf82-faedc15f6db8","orderPaymentAmount":33.06,"orderDate":"2017-11-20 07:53:02","orderPaymentType":"USD","latitude":71.659666,"longitude":-90.587006}
{"orderId":188,"orderGUID":"979acbc7-a8b7-4aa5-9c32-65598b18de39","orderPaymentAmount":78.82,"orderDate":"2018-03-31 12:38:21","orderPaymentType":"TL","latitude":-57.698428,"longitude":-87.261329}
{"orderId":189,"orderGUID":"fa301553-accf-4812-8a26-a6850110ff81","orderPaymentAmount":87.77,"orderDate":"2016-11-19 12:07:09","orderPaymentType":"SET_CARD","latitude":-32.04118,"longitude":-171.59221}
{"orderId":190,"orderGUID":"b9c983ac-9750-45ed-a820-9e43a4ed7374","orderPaymentAmount":45.08,"orderDate":"2019-08-10 02:32:10","orderPaymentType":"EUR","latitude":81.864885,"longitude":117.130404}
{"orderId":191,"orderGUID":"74f45744-3206-46da-8b27-1bb40e428ebb","orderPaymentAmount":41.09,"orderDate":"2015-03-19 06:51:06","orderPaymentType":"CREDIT_CARD","latitude":-43.762772,"longitude":-122.680033}
{"orderId":192,"orderGUID":"2140f68a-bc7b-42ca-96b3-ef641f3d34a9","orderPaymentAmount":291.42,"orderDate":"2019-07-20 02:57:29","orderPaymentType":"USD","latitude":-59.472731,"longitude":-14.366456}
{"orderId":193,"orderGUID":"c834fd14-6507-4f02-93c7-7343583a0ad3","orderPaymentAmount":82.47,"orderDate":"2018-01-04 07:47:50","orderPaymentType":"USD","latitude":25.309069,"longitude":52.322863}
{"orderId":194,"orderGUID":"43d9b65b-f39b-4f26-83a7-3bed8131c8f6","orderPaymentAmount":25.2,"orderDate":"2019-06-04 08:02:25","orderPaymentType":"TL","latitude":-10.779126,"longitude":150.949423}
{"orderId":195,"orderGUID":"e1521d8f-3e4e-40c4-a109-8d0290d0db4a","orderPaymentAmount":59.19,"orderDate":"2019-02-22 05:15:54","orderPaymentType":"EUR","latitude":73.249594,"longitude":132.716779}
{"orderId":196,"orderGUID":"fac162a0-a62b-4af5-8b8f-a8d8293824c2","orderPaymentAmount":224.3,"orderDate":"2015-11-12 07:38:13","orderPaymentType":"CASH","latitude":43.118841,"longitude":-161.18695}
{"orderId":197,"orderGUID":"69a41cbc-88dd-4534-939d-2314ab7a8e12","orderPaymentAmount":156.48,"orderDate":"2016-02-04 04:46:40","orderPaymentType":"MEAL_CARD","latitude":9.443037,"longitude":-18.496887}
{"orderId":198,"orderGUID":"8854e426-95aa-41a0-bcc3-13197891723b","orderPaymentAmount":179.52,"orderDate":"2019-08-11 04:25:00","orderPaymentType":"CREDIT_CARD","latitude":-75.963879,"longitude":-174.934468}
{"orderId":199,"orderGUID":"e250d8a0-91c2-423a-b102-a3902ca4ee6e","orderPaymentAmount":268.59,"orderDate":"2016-01-04 02:43:25","orderPaymentType":"CREDIT_CARD","latitude":86.248339,"longitude":114.485326}
{"orderId":200,"orderGUID":"a9f2ebf4-ef49-4183-ad2b-5c903c245255","orderPaymentAmount":23.99,"orderDate":"2019-08-14 12:49:03","orderPaymentType":"MEAL_CARD","latitude":55.813415,"longitude":-162.169387}
{"orderId":201,"orderGUID":"256ddca9-37f8-4c56-896c-c3005746d97a","orderPaymentAmount":215.97,"orderDate":"2016-09-24 01:56:25","orderPaymentType":"SET_CARD","latitude":-83.839363,"longitude":98.514671}
{"orderId":202,"orderGUID":"2d5e3464-9287-4825-a033-cef00a22a768","orderPaymentAmount":112.08,"orderDate":"2020-10-07 03:37:59","orderPaymentType":"CREDIT_CARD","latitude":-56.15066,"longitude":6.517502}
{"orderId":203,"orderGUID":"f83a9c36-f194-43e4-abc8-82918219b2d7","orderPaymentAmount":120.31,"orderDate":"2014-03-30 10:43:22","orderPaymentType":"SET_CARD","latitude":-88.548605,"longitude":133.556291}
{"orderId":204,"orderGUID":"89d86c7f-87e8-4cbc-8b7a-4ecf0dd4cef3","orderPaymentAmount":66.71,"orderDate":"2015-02-05 07:35:17","orderPaymentType":"SET_CARD","latitude":-70.126833,"longitude":104.283264}
{"orderId":205,"orderGUID":"d399ba65-e837-400b-8566-64f0a023a6fb","orderPaymentAmount":204.29,"orderDate":"2017-03-19 04:42:06","orderPaymentType":"CASH","latitude":40.841493,"longitude":-134.427817}
{"orderId":206,"orderGUID":"15712c87-7f0a-40db-84c8-c938fcd6dbb1","orderPaymentAmount":101.36,"orderDate":"2018-10-15 11:37:49","orderPaymentType":"TL","latitude":45.685692,"longitude":161.191228}
{"orderId":207,"orderGUID":"dfa45ce4-3ff4-4848-b5ad-c8aa70490ffa","orderPaymentAmount":15.25,"orderDate":"2018-04-05 05:40:45","orderPaymentType":"EUR","latitude":-78.833414,"longitude":-79.507053}
{"orderId":208,"orderGUID":"6f87afef-8b2c-4897-9242-3e3a7e79475c","orderPaymentAmount":159.35,"orderDate":"2020-08-16 04:22:13","orderPaymentType":"SET_CARD","latitude":17.598201,"longitude":164.291851}
{"orderId":209,"orderGUID":"543d3c1b-a9b0-4dcc-842e-4d96e58dde55","orderPaymentAmount":101.54,"orderDate":"2018-07-03 05:48:36","orderPaymentType":"EUR","latitude":14.634928,"longitude":103.184559}
{"orderId":210,"orderGUID":"7c418392-4e94-47d4-89cd-5761dac2812a","orderPaymentAmount":335.7,"orderDate":"2016-05-07 07:18:17","orderPaymentType":"SODEXO","latitude":79.329597,"longitude":-31.572516}
{"orderId":211,"orderGUID":"603f029b-c3af-4741-8b3a-c7177cd2ebc8","orderPaymentAmount":98.89,"orderDate":"2019-10-06 12:30:16","orderPaymentType":"CAD","latitude":79.597666,"longitude":-91.557958}
{"orderId":212,"orderGUID":"309ed40d-1858-4dc4-a99d-8627776d288f","orderPaymentAmount":263.32,"orderDate":"2020-11-01 12:50:23","orderPaymentType":"MULTINET","latitude":60.288984,"longitude":-21.174526}
{"orderId":213,"orderGUID":"f94fcf9d-b600-499d-8ccf-0ad6ed9bee5a","orderPaymentAmount":242.62,"orderDate":"2016-03-01 03:36:57","orderPaymentType":"USD","latitude":44.346398,"longitude":-97.410472}
{"orderId":214,"orderGUID":"141bfccb-6566-4735-acee-0adc17953dda","orderPaymentAmount":335.36,"orderDate":"2019-05-11 11:35:18","orderPaymentType":"MULTINET","latitude":30.866284,"longitude":-80.0001}
{"orderId":215,"orderGUID":"35a0a248-ebb8-4f50-897b-7ae95ed0736f","orderPaymentAmount":87.75,"orderDate":"2014-10-14 07:07:24","orderPaymentType":"CAD","latitude":-50.081519,"longitude":172.842062}
{"orderId":216,"orderGUID":"bf85381b-e76f-4f85-935d-c502834caa5a","orderPaymentAmount":134.49,"orderDate":"2018-07-11 09:17:11","orderPaymentType":"SODEXO","latitude":16.995736,"longitude":-138.236631}
{"orderId":217,"orderGUID":"8a4ebf84-37cb-4aa1-a2a2-42411c1ea7c9","orderPaymentAmount":87.5,"orderDate":"2015-10-22 12:06:08","orderPaymentType":"BOX_CARD","latitude":-65.356152,"longitude":-56.34756}
{"orderId":218,"orderGUID":"6ede8813-bf9d-468c-ae02-e7b5bd149bf0","orderPaymentAmount":235.66,"orderDate":"2017-10-24 02:49:10","orderPaymentType":"SET_CARD","latitude":-56.133394,"longitude":-10.852961}
{"orderId":219,"orderGUID":"a0ac7fbb-42e3-4f9d-9b55-64c299595671","orderPaymentAmount":246.28,"orderDate":"2019-11-17 05:38:34","orderPaymentType":"WIN_CARD","latitude":63.798587,"longitude":-124.821153}
{"orderId":220,"orderGUID":"037e61e1-2e47-4ba0-b17e-f766d3b1104b","orderPaymentAmount":200.43,"orderDate":"2018-11-03 05:03:11","orderPaymentType":"CASH","latitude":-32.091308,"longitude":92.05954}
{"orderId":221,"orderGUID":"a30a9e99-15a1-4cc2-8785-45eb086b4024","orderPaymentAmount":186.89,"orderDate":"2020-12-21 11:42:48","orderPaymentType":"WIN_CARD","latitude":-44.27151,"longitude":-35.002238}
{"orderId":222,"orderGUID":"d051722b-5b06-4d3d-8517-23a0df7cb244","orderPaymentAmount":317.33,"orderDate":"2018-04-03 02:43:30","orderPaymentType":"TL","latitude":-67.676612,"longitude":-55.071777}
{"orderId":223,"orderGUID":"b0704f58-3215-4eb8-a05d-9a5e07ccc648","orderPaymentAmount":43.82,"orderDate":"2014-05-03 03:00:45","orderPaymentType":"SET_CARD","latitude":12.422756,"longitude":108.583573}
{"orderId":224,"orderGUID":"aa813fe0-93cc-484b-bfdc-8dba18c1f457","orderPaymentAmount":194.89,"orderDate":"2020-02-20 11:45:39","orderPaymentType":"EUR","latitude":63.305735,"longitude":22.660391}
{"orderId":225,"orderGUID":"b59d3287-909a-49ff-82f3-9ce868042f24","orderPaymentAmount":299.43,"orderDate":"2015-02-06 11:41:44","orderPaymentType":"CREDIT_CARD","latitude":42.602019,"longitude":-139.152286}
{"orderId":226,"orderGUID":"2255f859-1b11-42ff-b54b-78b25e010467","orderPaymentAmount":105.51,"orderDate":"2018-08-24 12:06:46","orderPaymentType":"USD","latitude":-5.073391,"longitude":-146.50237}
{"orderId":227,"orderGUID":"d785b18a-c4c5-4f73-8a8a-04b11f1b40e6","orderPaymentAmount":98.38,"orderDate":"2015-02-12 01:18:21","orderPaymentType":"MEAL_CARD","latitude":39.880375,"longitude":-74.469998}
{"orderId":228,"orderGUID":"d96acec5-372f-4835-a721-8d4fa2d57834","orderPaymentAmount":124.17,"orderDate":"2020-10-16 09:27:51","orderPaymentType":"BOX_CARD","latitude":4.287772,"longitude":49.19231}
{"orderId":229,"orderGUID":"a7c32f50-475b-4ae5-a9f9-a029cd7bf3e0","orderPaymentAmount":191.83,"orderDate":"2016-01-31 10:58:27","orderPaymentType":"MEAL_CARD","latitude":20.030038,"longitude":48.451317}
{"orderId":230,"orderGUID":"a94778ac-3224-482c-b1b5-3750d5953708","orderPaymentAmount":292.75,"orderDate":"2015-02-08 12:31:24","orderPaymentType":"EUR","latitude":-66.904548,"longitude":-174.020261}
{"orderId":231,"orderGUID":"937cc351-6678-4c8b-8ddd-443cf3d96216","orderPaymentAmount":226.76,"orderDate":"2019-07-29 02:19:10","orderPaymentType":"SET_CARD","latitude":-75.496929,"longitude":-106.866467}
{"orderId":232,"orderGUID":"e32920b9-dc0f-4489-8825-4323a2813fad","orderPaymentAmount":349.6,"orderDate":"2015-09-09 07:56:38","orderPaymentType":"CREDIT_CARD","latitude":37.362784,"longitude":-62.497896}
{"orderId":233,"orderGUID":"f1e23c04-77d2-46f1-b6b8-11f6b43af6ae","orderPaymentAmount":278.62,"orderDate":"2019-02-26 06:42:26","orderPaymentType":"SET_CARD","latitude":31.476108,"longitude":5.414234}
{"orderId":234,"orderGUID":"938e5a56-7119-4bad-847a-dad58b7e4cf3","orderPaymentAmount":45.83,"orderDate":"2018-12-28 12:38:52","orderPaymentType":"TL","latitude":67.487913,"longitude":53.503531}
{"orderId":235,"orderGUID":"622272c0-ce7e-4242-bf46-5b40eff29258","orderPaymentAmount":307.05,"orderDate":"2018-03-12 08:50:20","orderPaymentType":"TL","latitude":-85.451119,"longitude":-86.567434}
{"orderId":236,"orderGUID":"66a202f6-56dd-437d-8877-501342dcebe0","orderPaymentAmount":147.6,"orderDate":"2018-12-25 10:46:14","orderPaymentType":"CAD","latitude":57.653725,"longitude":-148.366974}
{"orderId":237,"orderGUID":"2ba89ebe-792b-408c-ad5d-35819d832208","orderPaymentAmount":263.73,"orderDate":"2018-12-06 02:31:06","orderPaymentType":"USD","latitude":40.306223,"longitude":-26.345997}
{"orderId":238,"orderGUID":"f1e8fd61-c6c3-4240-aa50-5e5a84e1e682","orderPaymentAmount":304,"orderDate":"2020-09-27 01:38:39","orderPaymentType":"USD","latitude":-16.092512,"longitude":-10.168573}
{"orderId":239,"orderGUID":"29536478-e84f-4808-b8e6-08fd7f774cff","orderPaymentAmount":57.52,"orderDate":"2020-12-06 05:58:13","orderPaymentType":"MULTINET","latitude":-44.791995,"longitude":-141.710537}
{"orderId":240,"orderGUID":"51ef43ac-c92d-4203-a1b5-b9b0a6e8d105","orderPaymentAmount":328.23,"orderDate":"2018-11-20 01:18:38","orderPaymentType":"SET_CARD","latitude":-83.158196,"longitude":113.0119}
{"orderId":241,"orderGUID":"f14149ec-1f41-45c8-a0ad-947a0675819d","orderPaymentAmount":189.27,"orderDate":"2014-08-28 10:59:21","orderPaymentType":"USD","latitude":-4.077013,"longitude":63.784938}
{"orderId":242,"orderGUID":"0d746cf0-c8eb-45a3-8417-1c5db2c7fecd","orderPaymentAmount":126.55,"orderDate":"2017-08-11 04:59:14","orderPaymentType":"CREDIT_CARD","latitude":-28.921306,"longitude":105.479384}
{"orderId":243,"orderGUID":"522a18df-a06c-405e-9ccb-1b5142417686","orderPaymentAmount":7.87,"orderDate":"2020-05-01 02:32:51","orderPaymentType":"BOX_CARD","latitude":-2.432928,"longitude":32.740895}
{"orderId":244,"orderGUID":"6b85de4c-92e4-4373-8e74-923cbd2aaaf9","orderPaymentAmount":31.92,"orderDate":"2014-09-08 12:43:08","orderPaymentType":"MEAL_CARD","latitude":18.746993,"longitude":34.461609}
{"orderId":245,"orderGUID":"4eae5f2b-0138-4004-8fc8-6c210ec4c8de","orderPaymentAmount":189.28,"orderDate":"2017-02-10 05:28:14","orderPaymentType":"SET_CARD","latitude":42.80128,"longitude":87.643604}
{"orderId":246,"orderGUID":"781e46e0-9275-4afe-ad79-4bc8c7b064be","orderPaymentAmount":190.3,"orderDate":"2015-03-31 08:25:16","orderPaymentType":"USD","latitude":-16.240019,"longitude":152.123546}
{"orderId":247,"orderGUID":"abed3a85-b721-46e3-a510-11c683547b8e","orderPaymentAmount":222.61,"orderDate":"2016-04-14 09:48:46","orderPaymentType":"BOX_CARD","latitude":59.721642,"longitude":-73.746615}
{"orderId":248,"orderGUID":"7afddc1f-8c91-4c0b-86a2-b42bb8a6aad3","orderPaymentAmount":253.36,"orderDate":"2015-02-14 08:13:26","orderPaymentType":"MEAL_CARD","latitude":37.370772,"longitude":-17.404472}
{"orderId":249,"orderGUID":"96d8ff3c-0323-4d4a-887e-39feb1ec2357","orderPaymentAmount":43.24,"orderDate":"2014-04-21 10:42:17","orderPaymentType":"EUR","latitude":-54.256301,"longitude":143.804804}
{"orderId":250,"orderGUID":"1ac4a97e-d8c3-40a6-bf4d-cb59855de1dc","orderPaymentAmount":349.71,"orderDate":"2019-01-06 12:32:30","orderPaymentType":"SET_CARD","latitude":-7.494216,"longitude":-116.293991}
{"orderId":251,"orderGUID":"0ea7393e-e377-4415-ad25-1e98f0db5886","orderPaymentAmount":158.83,"orderDate":"2017-10-07 11:20:21","orderPaymentType":"CREDIT_CARD","latitude":23.654515,"longitude":-122.841401}
{"orderId":252,"orderGUID":"6e0bcfb7-ae2c-4075-bb36-9e526ac95d2f","orderPaymentAmount":94.88,"orderDate":"2018-06-05 03:00:43","orderPaymentType":"SODEXO","latitude":17.894811,"longitude":-120.893935}
{"orderId":253,"orderGUID":"fb6c1b0e-bea3-461d-b0c4-e5089d307a82","orderPaymentAmount":52.8,"orderDate":"2017-06-27 02:28:58","orderPaymentType":"USD","latitude":88.658243,"longitude":-72.356489}
{"orderId":254,"orderGUID":"9fc29450-08a5-485f-85ea-6513fa541504","orderPaymentAmount":160.05,"orderDate":"2016-12-14 07:31:54","orderPaymentType":"BOX_CARD","latitude":52.576648,"longitude":-27.804878}
{"orderId":255,"orderGUID":"57bb4e90-378b-4646-bdfe-d0ba3df7ed17","orderPaymentAmount":293.86,"orderDate":"2019-11-20 08:28:12","orderPaymentType":"SET_CARD","latitude":-56.32787,"longitude":-138.980024}
{"orderId":256,"orderGUID":"6b744d91-9749-4102-a97d-0ff53e486ba0","orderPaymentAmount":321.04,"orderDate":"2016-12-16 01:18:08","orderPaymentType":"MULTINET","latitude":53.31287,"longitude":7.033577}
{"orderId":257,"orderGUID":"738417a5-5d9b-4083-af95-674ac3b9a55f","orderPaymentAmount":132.92,"orderDate":"2018-05-01 08:24:02","orderPaymentType":"CASH","latitude":-64.59856,"longitude":-19.202725}
{"orderId":258,"orderGUID":"bf099237-f5d6-4f8c-823e-636dd3d72403","orderPaymentAmount":48.74,"orderDate":"2018-08-25 02:56:10","orderPaymentType":"MULTINET","latitude":-7.040442,"longitude":-33.984772}
{"orderId":259,"orderGUID":"8dc5a397-27ff-4961-b508-693f079bb6b1","orderPaymentAmount":308.33,"orderDate":"2018-10-12 05:10:23","orderPaymentType":"MEAL_CARD","latitude":-70.126721,"longitude":134.15463}
{"orderId":260,"orderGUID":"97d07b4f-6ad0-48d0-84ae-8d3e9bf07cd2","orderPaymentAmount":10.13,"orderDate":"2014-05-03 12:57:17","orderPaymentType":"CASH","latitude":-38.029991,"longitude":-110.218655}
{"orderId":261,"orderGUID":"52c4ed37-2837-4afa-ada8-47ea7c929baa","orderPaymentAmount":217.29,"orderDate":"2015-07-13 08:54:43","orderPaymentType":"MULTINET","latitude":77.9178,"longitude":-126.405873}
{"orderId":262,"orderGUID":"a95ce1a0-7454-4171-9190-3ba6f2f6dd75","orderPaymentAmount":308.74,"orderDate":"2017-10-27 02:25:48","orderPaymentType":"MULTINET","latitude":-54.764792,"longitude":-70.085306}
{"orderId":263,"orderGUID":"67af0a74-db25-44e3-851e-aad8bf0ddd06","orderPaymentAmount":297.29,"orderDate":"2020-02-07 10:56:45","orderPaymentType":"CASH","latitude":-48.657983,"longitude":-153.646144}
{"orderId":264,"orderGUID":"20ffdce7-bef4-40e4-bc99-8362558f57dc","orderPaymentAmount":84.8,"orderDate":"2018-12-24 05:33:47","orderPaymentType":"MEAL_CARD","latitude":-39.382634,"longitude":73.995077}
{"orderId":265,"orderGUID":"2a9adbe5-2fe4-4162-b656-12d9a578c020","orderPaymentAmount":65,"orderDate":"2014-09-19 05:20:30","orderPaymentType":"CAD","latitude":25.93929,"longitude":-66.696076}
{"orderId":266,"orderGUID":"2402cbd7-53a5-4b5a-a272-dc534f143845","orderPaymentAmount":287.17,"orderDate":"2016-06-26 06:50:14","orderPaymentType":"MULTINET","latitude":2.845794,"longitude":-19.146487}
{"orderId":267,"orderGUID":"395e33f1-e513-4082-b144-94db4b7df17c","orderPaymentAmount":161.63,"orderDate":"2018-09-28 05:38:05","orderPaymentType":"SODEXO","latitude":16.057284,"longitude":177.138486}
{"orderId":268,"orderGUID":"1c83eab3-3a9a-44b0-bc3e-41b4fd321412","orderPaymentAmount":234.35,"orderDate":"2017-01-07 10:48:17","orderPaymentType":"CASH","latitude":-44.183957,"longitude":75.143468}
{"orderId":269,"orderGUID":"988b0766-45e0-4f79-9104-53e624d0714c","orderPaymentAmount":333.58,"orderDate":"2017-10-01 11:53:47","orderPaymentType":"BOX_CARD","latitude":82.305251,"longitude":-152.738623}
{"orderId":270,"orderGUID":"3dfd59ce-3492-4760-bc0f-a8386e7176ed","orderPaymentAmount":294.33,"orderDate":"2014-11-26 03:06:33","orderPaymentType":"SET_CARD","latitude":-58.810739,"longitude":110.95518}
{"orderId":271,"orderGUID":"fd36bc03-e880-414f-85e0-64ac38b32b08","orderPaymentAmount":9.71,"orderDate":"2016-08-27 10:42:16","orderPaymentType":"EUR","latitude":84.764726,"longitude":-146.813825}
{"orderId":272,"orderGUID":"defc7133-7607-4473-8a48-6ce574b2c3c8","orderPaymentAmount":321.95,"orderDate":"2018-06-08 09:02:02","orderPaymentType":"CASH","latitude":-74.912062,"longitude":-163.58152}
{"orderId":273,"orderGUID":"56c22957-c02d-4655-92c2-6d83cdc1846a","orderPaymentAmount":267.72,"orderDate":"2016-02-23 02:25:53","orderPaymentType":"TL","latitude":-48.86237,"longitude":48.755671}
{"orderId":274,"orderGUID":"b1130e6b-6027-4e11-988f-30d5e78da19d","orderPaymentAmount":348.2,"orderDate":"2017-02-22 08:58:41","orderPaymentType":"CREDIT_CARD","latitude":-41.973001,"longitude":-1.057503}
{"orderId":275,"orderGUID":"2e8b45da-fc8f-47f7-a4b3-cfac01982661","orderPaymentAmount":159.56,"orderDate":"2016-03-28 05:31:30","orderPaymentType":"MEAL_CARD","latitude":4.479427,"longitude":-134.05363}
{"orderId":276,"orderGUID":"4f53b1aa-103c-43ff-a7db-9b1132690a7b","orderPaymentAmount":38.48,"orderDate":"2020-02-10 04:17:46","orderPaymentType":"MULTINET","latitude":14.618259,"longitude":153.254859}
{"orderId":277,"orderGUID":"64a0bbd5-ff40-4012-bd51-e13583ce7cc1","orderPaymentAmount":211.71,"orderDate":"2018-03-10 03:36:08","orderPaymentType":"CAD","latitude":2.037968,"longitude":23.043147}
{"orderId":278,"orderGUID":"f58b9ee1-4fa8-4d6c-a62c-577c384f7f67","orderPaymentAmount":107.07,"orderDate":"2016-06-03 08:26:57","orderPaymentType":"USD","latitude":36.392403,"longitude":-122.903342}
{"orderId":279,"orderGUID":"d2552e7b-8250-4712-8a2b-faff54455168","orderPaymentAmount":96.61,"orderDate":"2014-12-10 10:15:27","orderPaymentType":"CAD","latitude":-78.137106,"longitude":153.508349}
{"orderId":280,"orderGUID":"019c63ec-03ab-460d-bd22-acdd951f8a5d","orderPaymentAmount":10.97,"orderDate":"2019-11-04 11:44:18","orderPaymentType":"MULTINET","latitude":-4.258088,"longitude":165.567522}
{"orderId":281,"orderGUID":"7010a0b1-04e1-4c21-98e5-16a20efbc9ef","orderPaymentAmount":135.56,"orderDate":"2014-03-15 06:00:37","orderPaymentType":"TL","latitude":0.438173,"longitude":-62.313586}
{"orderId":282,"orderGUID":"c006a4e1-b069-4b4a-b012-ad24ba2f86d4","orderPaymentAmount":304.74,"orderDate":"2016-05-19 02:00:23","orderPaymentType":"SET_CARD","latitude":-0.620302,"longitude":125.745192}
{"orderId":283,"orderGUID":"4686792d-2547-4f5a-90c6-ff55be4d4621","orderPaymentAmount":65.14,"orderDate":"2018-02-21 07:37:20","orderPaymentType":"SET_CARD","latitude":-33.114163,"longitude":-37.369191}
{"orderId":284,"orderGUID":"6dbeb065-e570-4a3b-a441-78fa8a13c8d6","orderPaymentAmount":53.07,"orderDate":"2016-03-25 12:54:22","orderPaymentType":"USD","latitude":12.372832,"longitude":-108.518802}
{"orderId":285,"orderGUID":"22c7a166-0cc1-4b3b-8f9d-04f3069fb8c2","orderPaymentAmount":132.49,"orderDate":"2015-03-30 10:10:51","orderPaymentType":"EUR","latitude":52.315967,"longitude":63.411337}
{"orderId":286,"orderGUID":"4fc857c6-ad5a-41c2-b605-f42e14d62e21","orderPaymentAmount":146.15,"orderDate":"2015-06-12 02:35:44","orderPaymentType":"MEAL_CARD","latitude":29.744973,"longitude":81.926926}
{"orderId":287,"orderGUID":"2778663b-c5e9-46c2-af78-2134363aca02","orderPaymentAmount":109.63,"orderDate":"2016-02-12 12:33:03","orderPaymentType":"WIN_CARD","latitude":43.418171,"longitude":-167.078099}
{"orderId":288,"orderGUID":"6f6300dc-5754-4764-972b-4c1bd8cae015","orderPaymentAmount":261.83,"orderDate":"2018-10-11 10:48:10","orderPaymentType":"MULTINET","latitude":-17.970142,"longitude":-164.412544}
{"orderId":289,"orderGUID":"4fb1a43b-c4b1-4af1-a937-722f5c880b15","orderPaymentAmount":289.46,"orderDate":"2015-01-13 05:29:03","orderPaymentType":"CREDIT_CARD","latitude":-7.443298,"longitude":166.159626}
{"orderId":290,"orderGUID":"564b0e28-e92b-44e2-8091-c1f07781a252","orderPaymentAmount":193.31,"orderDate":"2019-06-16 10:30:42","orderPaymentType":"EUR","latitude":53.248011,"longitude":-33.908807}
{"orderId":291,"orderGUID":"3eff538e-3787-403f-8260-ef83d8e65b25","orderPaymentAmount":211.29,"orderDate":"2016-08-09 05:23:28","orderPaymentType":"TL","latitude":23.184996,"longitude":-163.167468}
{"orderId":292,"orderGUID":"18fcbb57-f50e-4e87-9d95-e9f70b89668b","orderPaymentAmount":341.87,"orderDate":"2015-05-04 08:23:00","orderPaymentType":"CREDIT_CARD","latitude":-46.508211,"longitude":-28.972963}
{"orderId":293,"orderGUID":"fb8482d7-f36a-4f3b-a17b-d47d04faf4d0","orderPaymentAmount":50.36,"orderDate":"2019-09-22 11:09:26","orderPaymentType":"SODEXO","latitude":25.684104,"longitude":30.439198}
{"orderId":294,"orderGUID":"37168647-22b1-4be6-b347-26449b3af950","orderPaymentAmount":81.99,"orderDate":"2018-04-09 05:58:13","orderPaymentType":"BOX_CARD","latitude":71.897873,"longitude":154.350734}
{"orderId":295,"orderGUID":"4ce2749a-4133-4d5e-94cc-d36b61e8407a","orderPaymentAmount":89.1,"orderDate":"2017-09-23 05:06:17","orderPaymentType":"MEAL_CARD","latitude":21.62497,"longitude":-91.693651}
{"orderId":296,"orderGUID":"d8dc6f74-5907-4f41-a83b-135e29e97977","orderPaymentAmount":272.46,"orderDate":"2017-08-21 05:48:30","orderPaymentType":"CREDIT_CARD","latitude":-44.209123,"longitude":-105.155462}
{"orderId":297,"orderGUID":"962e2959-3cad-4ddd-bbfb-8ec1c71b296c","orderPaymentAmount":157.01,"orderDate":"2019-10-14 08:48:49","orderPaymentType":"CASH","latitude":-5.293739,"longitude":97.516964}
{"orderId":298,"orderGUID":"ba7d740e-9986-4312-9e3b-9828787fc346","orderPaymentAmount":259.81,"orderDate":"2020-04-19 07:55:27","orderPaymentType":"MEAL_CARD","latitude":56.066183,"longitude":7.072915}
{"orderId":299,"orderGUID":"361d7fc9-8e40-4a4c-810c-45bbc73c8f03","orderPaymentAmount":30.65,"orderDate":"2016-06-13 06:45:23","orderPaymentType":"CASH","latitude":-87.277923,"longitude":-150.63808}
{"orderId":300,"orderGUID":"f5c3bf6e-7fe9-4a98-a0b0-e42c313e30f3","orderPaymentAmount":92.27,"orderDate":"2014-01-13 12:55:14","orderPaymentType":"MULTINET","latitude":-35.312846,"longitude":-59.334822}
{"orderId":301,"orderGUID":"a495cb8a-ea70-4259-9c12-e7cae776a8bf","orderPaymentAmount":32.07,"orderDate":"2015-03-07 04:46:39","orderPaymentType":"TL","latitude":39.263881,"longitude":-116.323823}
{"orderId":302,"orderGUID":"01759894-c16e-4f84-aeb7-667685b612e4","orderPaymentAmount":179.23,"orderDate":"2019-02-28 08:51:55","orderPaymentType":"WIN_CARD","latitude":-48.836887,"longitude":-97.970597}
{"orderId":303,"orderGUID":"9e30b19a-6a7e-4cd3-bea0-0d106023c4cd","orderPaymentAmount":252.76,"orderDate":"2017-09-25 03:32:42","orderPaymentType":"SET_CARD","latitude":-46.611853,"longitude":94.239609}
{"orderId":304,"orderGUID":"e31daf81-7640-4e65-b0eb-7053f2097256","orderPaymentAmount":208.2,"orderDate":"2017-03-19 09:56:42","orderPaymentType":"WIN_CARD","latitude":-55.957171,"longitude":154.943073}
{"orderId":305,"orderGUID":"46b0ea66-ee12-4a01-b6e9-dac96de4be3f","orderPaymentAmount":284.15,"orderDate":"2020-08-03 09:32:28","orderPaymentType":"SET_CARD","latitude":-73.386997,"longitude":-8.6245}
{"orderId":306,"orderGUID":"e94601c2-562c-425e-ba85-38a5dfa2fc3d","orderPaymentAmount":3.24,"orderDate":"2018-03-28 08:19:53","orderPaymentType":"SODEXO","latitude":46.228083,"longitude":33.98843}
{"orderId":307,"orderGUID":"2848d825-d2f8-4311-abf8-677b5db01813","orderPaymentAmount":296.93,"orderDate":"2020-08-06 09:26:55","orderPaymentType":"CASH","latitude":-77.47686,"longitude":146.678326}
{"orderId":308,"orderGUID":"abc6fc6e-1500-41fd-b61b-ab1225cbf6f2","orderPaymentAmount":272.54,"orderDate":"2018-12-10 02:25:42","orderPaymentType":"MULTINET","latitude":13.223211,"longitude":-17.340351}
{"orderId":309,"orderGUID":"b252eb15-3f8b-4a88-8e66-3ebbae78b274","orderPaymentAmount":258.73,"orderDate":"2015-12-03 01:38:25","orderPaymentType":"CASH","latitude":31.491746,"longitude":155.70816}
{"orderId":310,"orderGUID":"d0c681a2-7b30-4b4d-be7c-ec4964cd0f23","orderPaymentAmount":180.61,"orderDate":"2014-04-01 08:41:58","orderPaymentType":"SODEXO","latitude":-25.117541,"longitude":6.278527}
{"orderId":311,"orderGUID":"05ec52cf-686b-4a29-9fb2-7fcf6bdf088d","orderPaymentAmount":2.16,"orderDate":"2019-09-11 10:33:35","orderPaymentType":"BOX_CARD","latitude":46.280376,"longitude":14.715823}
{"orderId":312,"orderGUID":"16c9d505-322d-4e87-8db8-54d6c29cfe39","orderPaymentAmount":58.72,"orderDate":"2018-05-31 08:34:18","orderPaymentType":"SET_CARD","latitude":-31.772547,"longitude":-95.444131}
{"orderId":313,"orderGUID":"a3dc9629-5541-4f97-9e3f-976e562711e4","orderPaymentAmount":18.37,"orderDate":"2016-02-12 01:33:52","orderPaymentType":"WIN_CARD","latitude":-33.714644,"longitude":-116.143305}
{"orderId":314,"orderGUID":"e96a94f4-5f2b-4720-8efb-af1c2e76912e","orderPaymentAmount":126.65,"orderDate":"2016-07-28 01:28:07","orderPaymentType":"TL","latitude":-80.090879,"longitude":-150.976535}
{"orderId":315,"orderGUID":"719ecc4e-b91c-4923-b393-f7cadd0fd49f","orderPaymentAmount":15.08,"orderDate":"2019-01-15 11:10:09","orderPaymentType":"USD","latitude":32.867383,"longitude":-137.628965}
{"orderId":316,"orderGUID":"675c623c-8ffc-4130-ba7d-be4c9981c8b5","orderPaymentAmount":237,"orderDate":"2020-11-04 04:10:42","orderPaymentType":"USD","latitude":-32.78583,"longitude":102.660695}
{"orderId":317,"orderGUID":"63b3634e-3e00-4db1-bbef-f6de6a480731","orderPaymentAmount":338.12,"orderDate":"2015-02-09 05:48:43","orderPaymentType":"CAD","latitude":-12.209042,"longitude":-109.091945}
{"orderId":318,"orderGUID":"2a435ede-021b-4c9a-9c36-785633fce182","orderPaymentAmount":100.69,"orderDate":"2018-08-11 12:18:51","orderPaymentType":"EUR","latitude":37.811792,"longitude":-81.734856}
{"orderId":319,"orderGUID":"a80989e7-8d01-49f8-b4e6-3b40399f962d","orderPaymentAmount":36.81,"orderDate":"2017-08-09 06:59:40","orderPaymentType":"MEAL_CARD","latitude":-74.944135,"longitude":72.622034}
{"orderId":320,"orderGUID":"95f567fd-33df-4763-9d2a-4838caa16e27","orderPaymentAmount":68.08,"orderDate":"2020-09-30 06:20:55","orderPaymentType":"TL","latitude":-45.036347,"longitude":-143.431375}
{"orderId":321,"orderGUID":"a6289bba-c881-4a24-b83b-6e6f821a9c4a","orderPaymentAmount":249.09,"orderDate":"2016-10-28 09:49:14","orderPaymentType":"CASH","latitude":-74.510047,"longitude":157.065986}
{"orderId":322,"orderGUID":"70883f25-d304-43cd-97ca-c989d420051d","orderPaymentAmount":237.93,"orderDate":"2019-09-18 09:38:50","orderPaymentType":"WIN_CARD","latitude":34.218308,"longitude":-82.986804}
{"orderId":323,"orderGUID":"b1145488-8ba3-43fa-b074-c4032108a6dd","orderPaymentAmount":43,"orderDate":"2014-10-06 07:19:38","orderPaymentType":"MULTINET","latitude":-49.624873,"longitude":-65.910884}
{"orderId":324,"orderGUID":"1dd1e2a1-4cd9-4946-9903-c694d9998e0a","orderPaymentAmount":69.61,"orderDate":"2015-07-10 01:49:30","orderPaymentType":"WIN_CARD","latitude":79.053483,"longitude":82.343296}
{"orderId":325,"orderGUID":"4cf1ff2e-46b9-4124-ab7c-619cd51545eb","orderPaymentAmount":197.54,"orderDate":"2014-02-09 03:08:36","orderPaymentType":"MULTINET","latitude":38.159397,"longitude":73.494779}
{"orderId":326,"orderGUID":"2a57844e-6034-4dd9-8943-1058cc7c92c8","orderPaymentAmount":86.53,"orderDate":"2018-09-04 04:30:27","orderPaymentType":"CASH","latitude":57.699385,"longitude":-168.467807}
{"orderId":327,"orderGUID":"9d19cccd-8a06-46da-a8f7-ded3e3952431","orderPaymentAmount":312.04,"orderDate":"2015-10-27 09:48:28","orderPaymentType":"CASH","latitude":-79.859791,"longitude":161.144574}
{"orderId":328,"orderGUID":"86da2704-2780-498d-98ea-df96d3d4a51e","orderPaymentAmount":328.11,"orderDate":"2019-06-20 10:41:41","orderPaymentType":"MEAL_CARD","latitude":44.621482,"longitude":-156.150354}
{"orderId":329,"orderGUID":"313450e0-84c9-40df-bf4f-ecb7fa30d855","orderPaymentAmount":157.35,"orderDate":"2018-06-25 08:42:41","orderPaymentType":"CAD","latitude":-36.594926,"longitude":-148.30314}
{"orderId":330,"orderGUID":"9b5646b3-dac3-416a-8959-97284830ca54","orderPaymentAmount":326.72,"orderDate":"2018-12-31 04:17:34","orderPaymentType":"SET_CARD","latitude":-28.434032,"longitude":51.048833}
{"orderId":331,"orderGUID":"70a82c3c-263e-4f8c-8cf9-f1a9cb9a556d","orderPaymentAmount":132.23,"orderDate":"2019-03-06 12:35:58","orderPaymentType":"USD","latitude":-21.406329,"longitude":-161.355195}
{"orderId":332,"orderGUID":"e061b983-56a0-4528-813c-bc2e65e18819","orderPaymentAmount":192.29,"orderDate":"2019-01-04 07:30:01","orderPaymentType":"CREDIT_CARD","latitude":-77.469537,"longitude":-157.736196}
{"orderId":333,"orderGUID":"4f9ecd27-a1c8-4c09-ab9d-b260e7959c8e","orderPaymentAmount":120.91,"orderDate":"2020-09-21 06:58:07","orderPaymentType":"WIN_CARD","latitude":49.345279,"longitude":-134.778452}
{"orderId":334,"orderGUID":"21e7b1c0-ce42-4ab7-ae82-ba54870a6b74","orderPaymentAmount":2.29,"orderDate":"2015-08-24 04:39:20","orderPaymentType":"CAD","latitude":-51.680006,"longitude":-7.73105}
{"orderId":335,"orderGUID":"8659cb60-5d74-4048-be02-9d66d587aae2","orderPaymentAmount":317.76,"orderDate":"2020-10-24 03:12:14","orderPaymentType":"SET_CARD","latitude":-5.169831,"longitude":-14.952651}
{"orderId":336,"orderGUID":"43d2ae19-5fbd-4b7b-acda-2964f609563e","orderPaymentAmount":279.36,"orderDate":"2018-02-17 05:08:35","orderPaymentType":"MULTINET","latitude":-68.488344,"longitude":76.450843}
{"orderId":337,"orderGUID":"c39cf9dc-0f82-410f-b56a-d5d449c54c6a","orderPaymentAmount":92.91,"orderDate":"2017-10-17 10:42:49","orderPaymentType":"SET_CARD","latitude":41.305285,"longitude":-107.267399}
{"orderId":338,"orderGUID":"d0bc8439-632a-44d8-aad4-d82fc8fd8d1b","orderPaymentAmount":239.68,"orderDate":"2020-06-14 11:25:42","orderPaymentType":"EUR","latitude":73.628229,"longitude":-68.929532}
{"orderId":339,"orderGUID":"e4bff74e-68b4-4f9e-8ce9-81e23a478451","orderPaymentAmount":256.07,"orderDate":"2020-02-10 02:44:31","orderPaymentType":"TL","latitude":-33.649398,"longitude":-65.986338}
{"orderId":340,"orderGUID":"2c325cd8-4303-455c-95aa-dd879cd8534b","orderPaymentAmount":108.67,"orderDate":"2018-11-25 08:28:24","orderPaymentType":"MEAL_CARD","latitude":-51.091186,"longitude":-121.243715}
{"orderId":341,"orderGUID":"d2e35b55-fe87-40bf-8bc1-4fb8da40756c","orderPaymentAmount":68.04,"orderDate":"2018-04-16 03:13:19","orderPaymentType":"USD","latitude":-33.621752,"longitude":-118.61014}
